[INFO] [22/6/2015] GET /
[INFO] [22/6/2015] GET /img/favicon.ico
[INFO] [22/6/2015] GET /img/favicon.ico
[INFO] [22/6/2015] GET /img/favicon.ico
[INFO] [22/6/2015] GET /img/favicon.ico
[INFO] [22/6/2015] GET /
[INFO] [22/6/2015] GET /48v43/json-results
[INFO] [22/6/2015] GET /746nv/json-results
[INFO] [22/6/2015] GET /4ak7k/json-results
[INFO] [22/6/2015] GET /3xb2d/json-results
[INFO] [22/6/2015] GET /2547s/json-results
[INFO] [22/6/2015] GET /2mc48/json-results
[INFO] [22/6/2015] GET /c2u5y/json-results
[INFO] [22/6/2015] GET /yqggk/json-results
[INFO] [22/6/2015] GET /2hvt4/json-results
[INFO] [22/6/2015] GET /wf2w6/json-results
[INFO] [22/6/2015] GET /c4455/json-results
[INFO] [22/6/2015] GET /q53wd/json-results
[INFO] [22/6/2015] GET /58253/json-results
[INFO] [22/6/2015] GET /b5c4s/json-results
[INFO] [22/6/2015] GET /
[INFO] [22/6/2015] GET /48v43/json-results
[INFO] [22/6/2015] GET /746nv/json-results
[INFO] [22/6/2015] GET /2mc48/json-results
[INFO] [22/6/2015] GET /2547s/json-results
[INFO] [22/6/2015] GET /3xb2d/json-results
[INFO] [22/6/2015] GET /c2u5y/json-results
[INFO] [22/6/2015] GET /4ak7k/json-results
[INFO] [22/6/2015] GET /2hvt4/json-results
[INFO] [22/6/2015] GET /yqggk/json-results
[INFO] [22/6/2015] GET /wf2w6/json-results
[INFO] [22/6/2015] GET /c4455/json-results
[INFO] [22/6/2015] GET /q53wd/json-results
[INFO] [22/6/2015] GET /58253/json-results
[INFO] [22/6/2015] GET /b5c4s/json-results
[INFO] [22/6/2015] GET /48v43
[INFO] [22/6/2015] PUT /48v43
[INFO] [22/6/2015] GET /48v43/json-results
[INFO] [22/6/2015] GET /48v43/results
[INFO] [22/6/2015] GET /48v43/json-results
[INFO] [22/6/2015] GET /48v43/img/favicon.ico
[INFO] [22/6/2015] PUT /48v43
[INFO] [22/6/2015] GET /48v43/json-results
[INFO] [22/6/2015] GET /48v43/results
[INFO] [22/6/2015] GET /48v43/json-results
[INFO] [22/6/2015] GET /create
[INFO] [22/6/2015] From the polls/create route
[INFO] [22/6/2015] POST /create
[INFO] [22/6/2015] New poll created with code: 5vwr7.
[INFO] [22/6/2015] GET /5vwr7
[INFO] [22/6/2015] GET /
[INFO] [22/6/2015] GET /48v43/json-results
[INFO] [22/6/2015] GET /746nv/json-results
[INFO] [22/6/2015] GET /2mc48/json-results
[INFO] [22/6/2015] GET /2547s/json-results
[INFO] [22/6/2015] GET /3xb2d/json-results
[INFO] [22/6/2015] GET /4ak7k/json-results
[INFO] [22/6/2015] GET /c2u5y/json-results
[INFO] [22/6/2015] GET /yqggk/json-results
[INFO] [22/6/2015] GET /2hvt4/json-results
[INFO] [22/6/2015] GET /wf2w6/json-results
[INFO] [22/6/2015] GET /c4455/json-results
[INFO] [22/6/2015] GET /q53wd/json-results
[INFO] [22/6/2015] GET /58253/json-results
[INFO] [22/6/2015] GET /b5c4s/json-results
[INFO] [22/6/2015] GET /5vwr7/json-results
[INFO] [22/6/2015] PUT /5vwr7
[INFO] [22/6/2015] GET /5vwr7/json-results
[INFO] [22/6/2015] GET /5vwr7/results
[INFO] [22/6/2015] GET /5vwr7/json-results
[INFO] [22/6/2015] GET /5vwr7/img/favicon.ico
[INFO] [22/6/2015] PUT /5vwr7
[INFO] [22/6/2015] GET /5vwr7/json-results
[INFO] [22/6/2015] GET /5vwr7/results
[INFO] [22/6/2015] GET /5vwr7/json-results
[INFO] [22/6/2015] GET /
[INFO] [22/6/2015] GET /48v43/json-results
[INFO] [22/6/2015] GET /746nv/json-results
[INFO] [22/6/2015] GET /2mc48/json-results
[INFO] [22/6/2015] GET /2547s/json-results
[INFO] [22/6/2015] GET /3xb2d/json-results
[INFO] [22/6/2015] GET /4ak7k/json-results
[INFO] [22/6/2015] GET /c2u5y/json-results
[INFO] [22/6/2015] GET /yqggk/json-results
[INFO] [22/6/2015] GET /58253/json-results
[INFO] [22/6/2015] GET /q53wd/json-results
[INFO] [22/6/2015] GET /c4455/json-results
[INFO] [22/6/2015] GET /wf2w6/json-results
[INFO] [22/6/2015] GET /2hvt4/json-results
[INFO] [22/6/2015] GET /b5c4s/json-results
[INFO] [22/6/2015] GET /5vwr7/json-results
[INFO] [22/6/2015] GET /2547s
[INFO] [22/6/2015] PUT /2547s
[INFO] [22/6/2015] GET /2547s/json-results
[INFO] [22/6/2015] GET /2547s/results
[INFO] [22/6/2015] GET /2547s/json-results
[INFO] [22/6/2015] GET /2547s/img/favicon.ico
